<?xml version="1.0" encoding="UTF-8"?>
<!-- Generated by org.testng.reporters.JUnitReportReporter -->
<testsuite hostname="EC2AMAZ-S11DBRH" failures="0" tests="3" name="runner.PlaceOrder" time="5.128" errors="0" timestamp="13 Feb 2024 07:23:52 GMT" skipped="0">
  <testcase classname="runner.PlaceOrder" name="runScenario" time="0.354"/>
  <testcase classname="runner.PlaceOrder" name="runScenario" time="0.098"/>
  <testcase classname="runner.PlaceOrder" name="runScenario" time="4.676"/>
</testsuite> <!-- runner.PlaceOrder -->
